# JRE version: OpenJDK Runtime Environment Temurin-17.0.7+7 (17.0.7+7) (build 17.0.7+7)
# Java VM: OpenJDK 64-Bit Server VM Temurin-17.0.7+7 (17.0.7+7, mixed mode, tiered, compressed oops, compressed class ptrs, parallel gc, linux-amd64)
GC Precious Log:
 CPUs: 8 total, 8 available
 Memory: 7879M
 Large Page Support: Disabled
 NUMA Support: Disabled
 Compressed Oops: Enabled (32-bit)
 Alignments: Space 512K, Generation 512K, Heap 2M
 Heap Min Capacity: 100M
 Heap Initial Capacity: 100M
 Heap Max Capacity: 1G
 Pre-touch: Disabled
 Parallel Workers: 8
Heap:
 PSYoungGen      total 19456K, used 4422K [0x00000000eab00000, 0x00000000ec000000, 0x0000000100000000)
  eden space 18432K, 23% used [0x00000000eab00000,0x00000000eaf519a8,0x00000000ebd00000)
  from space 1024K, 0% used [0x00000000ebf00000,0x00000000ebf00000,0x00000000ec000000)
  to   space 1024K, 0% used [0x00000000ebe00000,0x00000000ebe00000,0x00000000ebf00000)
 ParOldGen       total 68608K, used 23830K [0x00000000c0000000, 0x00000000c4300000, 0x00000000eab00000)
  object space 68608K, 34% used [0x00000000c0000000,0x00000000c1745950,0x00000000c4300000)
 Metaspace       used 59763K, committed 60672K, reserved 1114112K
  class space    used 6624K, committed 6976K, reserved 1048576K
GC Heap History (20 events):
Event: 12.581 GC heap before
{Heap before GC invocations=16 (full 2):
 PSYoungGen      total 24576K, used 23560K [0x00000000eab00000, 0x00000000ec580000, 0x0000000100000000)
  eden space 22016K, 100% used [0x00000000eab00000,0x00000000ec080000,0x00000000ec080000)
  from space 2560K, 60% used [0x00000000ec100000,0x00000000ec282160,0x00000000ec380000)
  to   space 2048K, 0% used [0x00000000ec380000,0x00000000ec380000,0x00000000ec580000)
 ParOldGen       total 68608K, used 15077K [0x00000000c0000000, 0x00000000c4300000, 0x00000000eab00000)
  object space 68608K, 21% used [0x00000000c0000000,0x00000000c0eb9710,0x00000000c4300000)
 Metaspace       used 48385K, committed 49216K, reserved 1114112K
  class space    used 5324K, committed 5696K, reserved 1048576K
}
Event: 12.609 GC heap after
{Heap after GC invocations=16 (full 2):
 PSYoungGen      total 20480K, used 2025K [0x00000000eab00000, 0x00000000ecd80000, 0x0000000100000000)
  eden space 18432K, 0% used [0x00000000eab00000,0x00000000eab00000,0x00000000ebd00000)
  from space 2048K, 98% used [0x00000000ec380000,0x00000000ec57a540,0x00000000ec580000)
  to   space 6656K, 0% used [0x00000000ebd00000,0x00000000ebd00000,0x00000000ec380000)
 ParOldGen       total 68608K, used 18640K [0x00000000c0000000, 0x00000000c4300000, 0x00000000eab00000)
  object space 68608K, 27% used [0x00000000c0000000,0x00000000c1234360,0x00000000c4300000)
 Metaspace       used 48385K, committed 49216K, reserved 1114112K
  class space    used 5324K, committed 5696K, reserved 1048576K
}
Event: 13.094 GC heap before
{Heap before GC invocations=17 (full 2):
 PSYoungGen      total 20480K, used 20457K [0x00000000eab00000, 0x00000000ecd80000, 0x0000000100000000)
  eden space 18432K, 100% used [0x00000000eab00000,0x00000000ebd00000,0x00000000ebd00000)
  from space 2048K, 98% used [0x00000000ec380000,0x00000000ec57a540,0x00000000ec580000)
  to   space 6656K, 0% used [0x00000000ebd00000,0x00000000ebd00000,0x00000000ec380000)
 ParOldGen       total 68608K, used 18640K [0x00000000c0000000, 0x00000000c4300000, 0x00000000eab00000)
  object space 68608K, 27% used [0x00000000c0000000,0x00000000c1234360,0x00000000c4300000)
 Metaspace       used 49528K, committed 50368K, reserved 1114112K
  class space    used 5474K, committed 5824K, reserved 1048576K
}
Event: 13.103 GC heap after
{Heap after GC invocations=17 (full 2):
 PSYoungGen      total 21504K, used 2917K [0x00000000eab00000, 0x00000000ec500000, 0x0000000100000000)
  eden space 18432K, 0% used [0x00000000eab00000,0x00000000eab00000,0x00000000ebd00000)
  from space 3072K, 94% used [0x00000000ebd00000,0x00000000ebfd9678,0x00000000ec000000)
  to   space 4096K, 0% used [0x00000000ec100000,0x00000000ec100000,0x00000000ec500000)
 ParOldGen       total 68608K, used 18800K [0x00000000c0000000, 0x00000000c4300000, 0x00000000eab00000)
  object space 68608K, 27% used [0x00000000c0000000,0x00000000c125c360,0x00000000c4300000)
 Metaspace       used 49528K, committed 50368K, reserved 1114112K
  class space    used 5474K, committed 5824K, reserved 1048576K
}
Event: 13.880 GC heap before
{Heap before GC invocations=18 (full 2):
 PSYoungGen      total 21504K, used 21349K [0x00000000eab00000, 0x00000000ec500000, 0x0000000100000000)
  eden space 18432K, 100% used [0x00000000eab00000,0x00000000ebd00000,0x00000000ebd00000)
  from space 3072K, 94% used [0x00000000ebd00000,0x00000000ebfd9678,0x00000000ec000000)
  to   space 4096K, 0% used [0x00000000ec100000,0x00000000ec100000,0x00000000ec500000)
 ParOldGen       total 68608K, used 18800K [0x00000000c0000000, 0x00000000c4300000, 0x00000000eab00000)
  object space 68608K, 27% used [0x00000000c0000000,0x00000000c125c360,0x00000000c4300000)
 Metaspace       used 51433K, committed 52352K, reserved 1114112K
  class space    used 5721K, committed 6144K, reserved 1048576K
}
Event: 13.892 GC heap after
{Heap after GC invocations=18 (full 2):
 PSYoungGen      total 19456K, used 816K [0x00000000eab00000, 0x00000000ec200000, 0x0000000100000000)
  eden space 18432K, 0% used [0x00000000eab00000,0x00000000eab00000,0x00000000ebd00000)
  from space 1024K, 79% used [0x00000000ec100000,0x00000000ec1cc010,0x00000000ec200000)
  to   space 2048K, 0% used [0x00000000ebe00000,0x00000000ebe00000,0x00000000ec000000)
 ParOldGen       total 68608K, used 21596K [0x00000000c0000000, 0x00000000c4300000, 0x00000000eab00000)
  object space 68608K, 31% used [0x00000000c0000000,0x00000000c15172d8,0x00000000c4300000)
 Metaspace       used 51433K, committed 52352K, reserved 1114112K
  class space    used 5721K, committed 6144K, reserved 1048576K
}
Event: 14.531 GC heap before
{Heap before GC invocations=19 (full 2):
 PSYoungGen      total 19456K, used 19248K [0x00000000eab00000, 0x00000000ec200000, 0x0000000100000000)
  eden space 18432K, 100% used [0x00000000eab00000,0x00000000ebd00000,0x00000000ebd00000)
  from space 1024K, 79% used [0x00000000ec100000,0x00000000ec1cc010,0x00000000ec200000)
  to   space 2048K, 0% used [0x00000000ebe00000,0x00000000ebe00000,0x00000000ec000000)
 ParOldGen       total 68608K, used 21596K [0x00000000c0000000, 0x00000000c4300000, 0x00000000eab00000)
  object space 68608K, 31% used [0x00000000c0000000,0x00000000c15172d8,0x00000000c4300000)
 Metaspace       used 53693K, committed 54528K, reserved 1114112K
  class space    used 5969K, committed 6336K, reserved 1048576K
}
Event: 14.545 GC heap after
{Heap after GC invocations=19 (full 2):
 PSYoungGen      total 20480K, used 760K [0x00000000eab00000, 0x00000000ec180000, 0x0000000100000000)
  eden space 18432K, 0% used [0x00000000eab00000,0x00000000eab00000,0x00000000ebd00000)
  from space 2048K, 37% used [0x00000000ebe00000,0x00000000ebebe098,0x00000000ec000000)
  to   space 1024K, 0% used [0x00000000ec080000,0x00000000ec080000,0x00000000ec180000)
 ParOldGen       total 68608K, used 22324K [0x00000000c0000000, 0x00000000c4300000, 0x00000000eab00000)
  object space 68608K, 32% used [0x00000000c0000000,0x00000000c15cd318,0x00000000c4300000)
 Metaspace       used 53693K, committed 54528K, reserved 1114112K
  class space    used 5969K, committed 6336K, reserved 1048576K
}
Event: 14.930 GC heap before
{Heap before GC invocations=20 (full 2):
 PSYoungGen      total 20480K, used 19147K [0x00000000eab00000, 0x00000000ec180000, 0x0000000100000000)
  eden space 18432K, 99% used [0x00000000eab00000,0x00000000ebcf4b98,0x00000000ebd00000)
  from space 2048K, 37% used [0x00000000ebe00000,0x00000000ebebe098,0x00000000ec000000)
  to   space 1024K, 0% used [0x00000000ec080000,0x00000000ec080000,0x00000000ec180000)
 ParOldGen       total 68608K, used 22324K [0x00000000c0000000, 0x00000000c4300000, 0x00000000eab00000)
  object space 68608K, 32% used [0x00000000c0000000,0x00000000c15cd318,0x00000000c4300000)
 Metaspace       used 54605K, committed 55552K, reserved 1114112K
  class space    used 6105K, committed 6528K, reserved 1048576K
}
Event: 14.934 GC heap after
{Heap after GC invocations=20 (full 2):
 PSYoungGen      total 19456K, used 1024K [0x00000000eab00000, 0x00000000ec180000, 0x0000000100000000)
  eden space 18432K, 0% used [0x00000000eab00000,0x00000000eab00000,0x00000000ebd00000)
  from space 1024K, 100% used [0x00000000ec080000,0x00000000ec180000,0x00000000ec180000)
  to   space 2048K, 0% used [0x00000000ebd80000,0x00000000ebd80000,0x00000000ebf80000)
 ParOldGen       total 68608K, used 22940K [0x00000000c0000000, 0x00000000c4300000, 0x00000000eab00000)
  object space 68608K, 33% used [0x00000000c0000000,0x00000000c1667278,0x00000000c4300000)
 Metaspace       used 54605K, committed 55552K, reserved 1114112K
  class space    used 6105K, committed 6528K, reserved 1048576K
}
Event: 15.275 GC heap before
{Heap before GC invocations=21 (full 2):
 PSYoungGen      total 19456K, used 19446K [0x00000000eab00000, 0x00000000ec180000, 0x0000000100000000)
  eden space 18432K, 99% used [0x00000000eab00000,0x00000000ebcfda48,0x00000000ebd00000)
  from space 1024K, 100% used [0x00000000ec080000,0x00000000ec180000,0x00000000ec180000)
  to   space 2048K, 0% used [0x00000000ebd80000,0x00000000ebd80000,0x00000000ebf80000)
 ParOldGen       total 68608K, used 22940K [0x00000000c0000000, 0x00000000c4300000, 0x00000000eab00000)
  object space 68608K, 33% used [0x00000000c0000000,0x00000000c1667278,0x00000000c4300000)
 Metaspace       used 55644K, committed 56576K, reserved 1114112K
  class space    used 6200K, committed 6592K, reserved 1048576K
}
Event: 15.278 GC heap after
{Heap after GC invocations=21 (full 2):
 PSYoungGen      total 20480K, used 1630K [0x00000000eab00000, 0x00000000ec100000, 0x0000000100000000)
  eden space 18432K, 0% used [0x00000000eab00000,0x00000000eab00000,0x00000000ebd00000)
  from space 2048K, 79% used [0x00000000ebd80000,0x00000000ebf17818,0x00000000ebf80000)
  to   space 1536K, 0% used [0x00000000ebf80000,0x00000000ebf80000,0x00000000ec100000)
 ParOldGen       total 68608K, used 23856K [0x00000000c0000000, 0x00000000c4300000, 0x00000000eab00000)
  object space 68608K, 34% used [0x00000000c0000000,0x00000000c174c340,0x00000000c4300000)
 Metaspace       used 55644K, committed 56576K, reserved 1114112K
  class space    used 6200K, committed 6592K, reserved 1048576K
}
Event: 15.494 GC heap before
{Heap before GC invocations=22 (full 2):
 PSYoungGen      total 20480K, used 20062K [0x00000000eab00000, 0x00000000ec100000, 0x0000000100000000)
  eden space 18432K, 100% used [0x00000000eab00000,0x00000000ebd00000,0x00000000ebd00000)
  from space 2048K, 79% used [0x00000000ebd80000,0x00000000ebf17818,0x00000000ebf80000)
  to   space 1536K, 0% used [0x00000000ebf80000,0x00000000ebf80000,0x00000000ec100000)
 ParOldGen       total 68608K, used 23856K [0x00000000c0000000, 0x00000000c4300000, 0x00000000eab00000)
  object space 68608K, 34% used [0x00000000c0000000,0x00000000c174c340,0x00000000c4300000)
 Metaspace       used 55661K, committed 56576K, reserved 1114112K
  class space    used 6200K, committed 6592K, reserved 1048576K
}
Event: 15.497 GC heap after
{Heap after GC invocations=22 (full 2):
 PSYoungGen      total 19456K, used 894K [0x00000000eab00000, 0x00000000ec080000, 0x0000000100000000)
  eden space 18432K, 0% used [0x00000000eab00000,0x00000000eab00000,0x00000000ebd00000)
  from space 1024K, 87% used [0x00000000ebf80000,0x00000000ec05f8f0,0x00000000ec080000)
  to   space 1536K, 0% used [0x00000000ebd80000,0x00000000ebd80000,0x00000000ebf00000)
 ParOldGen       total 68608K, used 24379K [0x00000000c0000000, 0x00000000c4300000, 0x00000000eab00000)
  object space 68608K, 35% used [0x00000000c0000000,0x00000000c17cec40,0x00000000c4300000)
 Metaspace       used 55661K, committed 56576K, reserved 1114112K
  class space    used 6200K, committed 6592K, reserved 1048576K
}
Event: 16.155 GC heap before
{Heap before GC invocations=23 (full 2):
 PSYoungGen      total 19456K, used 19326K [0x00000000eab00000, 0x00000000ec080000, 0x0000000100000000)
  eden space 18432K, 99% used [0x00000000eab00000,0x00000000ebcffff8,0x00000000ebd00000)
  from space 1024K, 87% used [0x00000000ebf80000,0x00000000ec05f8f0,0x00000000ec080000)
  to   space 1536K, 0% used [0x00000000ebd80000,0x00000000ebd80000,0x00000000ebf00000)
 ParOldGen       total 68608K, used 24379K [0x00000000c0000000, 0x00000000c4300000, 0x00000000eab00000)
  object space 68608K, 35% used [0x00000000c0000000,0x00000000c17cec40,0x00000000c4300000)
 Metaspace       used 57999K, committed 58880K, reserved 1114112K
  class space    used 6470K, committed 6784K, reserved 1048576K
}
Event: 16.158 GC heap after
{Heap after GC invocations=23 (full 2):
 PSYoungGen      total 19968K, used 567K [0x00000000eab00000, 0x00000000ec000000, 0x0000000100000000)
  eden space 18432K, 0% used [0x00000000eab00000,0x00000000eab00000,0x00000000ebd00000)
  from space 1536K, 36% used [0x00000000ebd80000,0x00000000ebe0df50,0x00000000ebf00000)
  to   space 1024K, 0% used [0x00000000ebf00000,0x00000000ebf00000,0x00000000ec000000)
 ParOldGen       total 68608K, used 24403K [0x00000000c0000000, 0x00000000c4300000, 0x00000000eab00000)
  object space 68608K, 35% used [0x00000000c0000000,0x00000000c17d4c40,0x00000000c4300000)
 Metaspace       used 57999K, committed 58880K, reserved 1114112K
  class space    used 6470K, committed 6784K, reserved 1048576K
}
Event: 16.313 GC heap before
{Heap before GC invocations=24 (full 2):
 PSYoungGen      total 19968K, used 5569K [0x00000000eab00000, 0x00000000ec000000, 0x0000000100000000)
  eden space 18432K, 27% used [0x00000000eab00000,0x00000000eafe25e8,0x00000000ebd00000)
  from space 1536K, 36% used [0x00000000ebd80000,0x00000000ebe0df50,0x00000000ebf00000)
  to   space 1024K, 0% used [0x00000000ebf00000,0x00000000ebf00000,0x00000000ec000000)
 ParOldGen       total 68608K, used 24403K [0x00000000c0000000, 0x00000000c4300000, 0x00000000eab00000)
  object space 68608K, 35% used [0x00000000c0000000,0x00000000c17d4c40,0x00000000c4300000)
 Metaspace       used 58911K, committed 59776K, reserved 1114112K
  class space    used 6550K, committed 6912K, reserved 1048576K
}
Event: 16.320 GC heap after
{Heap after GC invocations=24 (full 2):
 PSYoungGen      total 19456K, used 904K [0x00000000eab00000, 0x00000000ec000000, 0x0000000100000000)
  eden space 18432K, 0% used [0x00000000eab00000,0x00000000eab00000,0x00000000ebd00000)
  from space 1024K, 88% used [0x00000000ebf00000,0x00000000ebfe2110,0x00000000ec000000)
  to   space 1024K, 0% used [0x00000000ebe00000,0x00000000ebe00000,0x00000000ebf00000)
 ParOldGen       total 68608K, used 24877K [0x00000000c0000000, 0x00000000c4300000, 0x00000000eab00000)
  object space 68608K, 36% used [0x00000000c0000000,0x00000000c184b670,0x00000000c4300000)
 Metaspace       used 58911K, committed 59776K, reserved 1114112K
  class space    used 6550K, committed 6912K, reserved 1048576K
}
Event: 16.320 GC heap before
{Heap before GC invocations=25 (full 3):
 PSYoungGen      total 19456K, used 904K [0x00000000eab00000, 0x00000000ec000000, 0x0000000100000000)
  eden space 18432K, 0% used [0x00000000eab00000,0x00000000eab00000,0x00000000ebd00000)
  from space 1024K, 88% used [0x00000000ebf00000,0x00000000ebfe2110,0x00000000ec000000)
  to   space 1024K, 0% used [0x00000000ebe00000,0x00000000ebe00000,0x00000000ebf00000)
 ParOldGen       total 68608K, used 24877K [0x00000000c0000000, 0x00000000c4300000, 0x00000000eab00000)
  object space 68608K, 36% used [0x00000000c0000000,0x00000000c184b670,0x00000000c4300000)
 Metaspace       used 58911K, committed 59776K, reserved 1114112K
  class space    used 6550K, committed 6912K, reserved 1048576K
}
Event: 16.438 GC heap after
{Heap after GC invocations=25 (full 3):
 PSYoungGen      total 19456K, used 0K [0x00000000eab00000, 0x00000000ec000000, 0x0000000100000000)
  eden space 18432K, 0% used [0x00000000eab00000,0x00000000eab00000,0x00000000ebd00000)
  from space 1024K, 0% used [0x00000000ebf00000,0x00000000ebf00000,0x00000000ec000000)
  to   space 1024K, 0% used [0x00000000ebe00000,0x00000000ebe00000,0x00000000ebf00000)
 ParOldGen       total 68608K, used 23830K [0x00000000c0000000, 0x00000000c4300000, 0x00000000eab00000)
  object space 68608K, 34% used [0x00000000c0000000,0x00000000c1745950,0x00000000c4300000)
 Metaspace       used 58911K, committed 59776K, reserved 1114112K
  class space    used 6550K, committed 6912K, reserved 1048576K
}

