# JRE version: OpenJDK Runtime Environment Temurin-17.0.7+7 (17.0.7+7) (build 17.0.7+7)
# Java VM: OpenJDK 64-Bit Server VM Temurin-17.0.7+7 (17.0.7+7, mixed mode, tiered, compressed oops, compressed class ptrs, parallel gc, linux-amd64)
GC Precious Log:
 CPUs: 8 total, 8 available
 Memory: 7879M
 Large Page Support: Disabled
 NUMA Support: Disabled
 Compressed Oops: Enabled (32-bit)
 Alignments: Space 512K, Generation 512K, Heap 2M
 Heap Min Capacity: 100M
 Heap Initial Capacity: 100M
 Heap Max Capacity: 1G
 Pre-touch: Disabled
 Parallel Workers: 8
Heap:
 PSYoungGen      total 22016K, used 10631K [0x00000000eab00000, 0x00000000eca00000, 0x0000000100000000)
  eden space 21504K, 47% used [0x00000000eab00000,0x00000000eb4e1cc0,0x00000000ec000000)
  from space 512K, 100% used [0x00000000ec580000,0x00000000ec600000,0x00000000ec600000)
  to   space 5120K, 0% used [0x00000000ec000000,0x00000000ec000000,0x00000000ec500000)
 ParOldGen       total 68608K, used 18867K [0x00000000c0000000, 0x00000000c4300000, 0x00000000eab00000)
  object space 68608K, 27% used [0x00000000c0000000,0x00000000c126cc18,0x00000000c4300000)
 Metaspace       used 44622K, committed 45376K, reserved 1114112K
  class space    used 4494K, committed 4800K, reserved 1048576K
GC Heap History (20 events):
Event: 5.560 GC heap before
{Heap before GC invocations=7 (full 1):
 PSYoungGen      total 25600K, used 25569K [0x00000000eab00000, 0x00000000ec880000, 0x0000000100000000)
  eden space 25088K, 100% used [0x00000000eab00000,0x00000000ec380000,0x00000000ec380000)
  from space 512K, 94% used [0x00000000ec400000,0x00000000ec478670,0x00000000ec480000)
  to   space 2048K, 0% used [0x00000000ec680000,0x00000000ec680000,0x00000000ec880000)
 ParOldGen       total 68608K, used 7123K [0x00000000c0000000, 0x00000000c4300000, 0x00000000eab00000)
  object space 68608K, 10% used [0x00000000c0000000,0x00000000c06f4f40,0x00000000c4300000)
 Metaspace       used 27639K, committed 28096K, reserved 1114112K
  class space    used 2683K, committed 2880K, reserved 1048576K
}
Event: 5.563 GC heap after
{Heap after GC invocations=7 (full 1):
 PSYoungGen      total 25600K, used 1014K [0x00000000eab00000, 0x00000000ec780000, 0x0000000100000000)
  eden space 24576K, 0% used [0x00000000eab00000,0x00000000eab00000,0x00000000ec300000)
  from space 1024K, 99% used [0x00000000ec680000,0x00000000ec77da60,0x00000000ec780000)
  to   space 1536K, 0% used [0x00000000ec480000,0x00000000ec480000,0x00000000ec600000)
 ParOldGen       total 68608K, used 7131K [0x00000000c0000000, 0x00000000c4300000, 0x00000000eab00000)
  object space 68608K, 10% used [0x00000000c0000000,0x00000000c06f6f40,0x00000000c4300000)
 Metaspace       used 27639K, committed 28096K, reserved 1114112K
  class space    used 2683K, committed 2880K, reserved 1048576K
}
Event: 7.358 GC heap before
{Heap before GC invocations=8 (full 1):
 PSYoungGen      total 25600K, used 25590K [0x00000000eab00000, 0x00000000ec780000, 0x0000000100000000)
  eden space 24576K, 100% used [0x00000000eab00000,0x00000000ec300000,0x00000000ec300000)
  from space 1024K, 99% used [0x00000000ec680000,0x00000000ec77da60,0x00000000ec780000)
  to   space 1536K, 0% used [0x00000000ec480000,0x00000000ec480000,0x00000000ec600000)
 ParOldGen       total 68608K, used 7131K [0x00000000c0000000, 0x00000000c4300000, 0x00000000eab00000)
  object space 68608K, 10% used [0x00000000c0000000,0x00000000c06f6f40,0x00000000c4300000)
 Metaspace       used 31930K, committed 32512K, reserved 1114112K
  class space    used 3199K, committed 3456K, reserved 1048576K
}
Event: 7.369 GC heap after
{Heap after GC invocations=8 (full 1):
 PSYoungGen      total 25600K, used 1510K [0x00000000eab00000, 0x00000000ec780000, 0x0000000100000000)
  eden space 24064K, 0% used [0x00000000eab00000,0x00000000eab00000,0x00000000ec280000)
  from space 1536K, 98% used [0x00000000ec480000,0x00000000ec5f9b78,0x00000000ec600000)
  to   space 1536K, 0% used [0x00000000ec600000,0x00000000ec600000,0x00000000ec780000)
 ParOldGen       total 68608K, used 7773K [0x00000000c0000000, 0x00000000c4300000, 0x00000000eab00000)
  object space 68608K, 11% used [0x00000000c0000000,0x00000000c0797648,0x00000000c4300000)
 Metaspace       used 31930K, committed 32512K, reserved 1114112K
  class space    used 3199K, committed 3456K, reserved 1048576K
}
Event: 8.065 GC heap before
{Heap before GC invocations=9 (full 1):
 PSYoungGen      total 25600K, used 25574K [0x00000000eab00000, 0x00000000ec780000, 0x0000000100000000)
  eden space 24064K, 100% used [0x00000000eab00000,0x00000000ec280000,0x00000000ec280000)
  from space 1536K, 98% used [0x00000000ec480000,0x00000000ec5f9b78,0x00000000ec600000)
  to   space 1536K, 0% used [0x00000000ec600000,0x00000000ec600000,0x00000000ec780000)
 ParOldGen       total 68608K, used 7773K [0x00000000c0000000, 0x00000000c4300000, 0x00000000eab00000)
  object space 68608K, 11% used [0x00000000c0000000,0x00000000c0797648,0x00000000c4300000)
 Metaspace       used 34094K, committed 34688K, reserved 1114112K
  class space    used 3456K, committed 3712K, reserved 1048576K
}
Event: 8.081 GC heap after
{Heap after GC invocations=9 (full 1):
 PSYoungGen      total 23040K, used 1532K [0x00000000eab00000, 0x00000000ece00000, 0x0000000100000000)
  eden space 21504K, 0% used [0x00000000eab00000,0x00000000eab00000,0x00000000ec000000)
  from space 1536K, 99% used [0x00000000ec600000,0x00000000ec77f248,0x00000000ec780000)
  to   space 6144K, 0% used [0x00000000ec000000,0x00000000ec000000,0x00000000ec600000)
 ParOldGen       total 68608K, used 11728K [0x00000000c0000000, 0x00000000c4300000, 0x00000000eab00000)
  object space 68608K, 17% used [0x00000000c0000000,0x00000000c0b74398,0x00000000c4300000)
 Metaspace       used 34094K, committed 34688K, reserved 1114112K
  class space    used 3456K, committed 3712K, reserved 1048576K
}
Event: 9.001 GC heap before
{Heap before GC invocations=10 (full 1):
 PSYoungGen      total 23040K, used 17678K [0x00000000eab00000, 0x00000000ece00000, 0x0000000100000000)
  eden space 21504K, 75% used [0x00000000eab00000,0x00000000ebac4808,0x00000000ec000000)
  from space 1536K, 99% used [0x00000000ec600000,0x00000000ec77f248,0x00000000ec780000)
  to   space 6144K, 0% used [0x00000000ec000000,0x00000000ec000000,0x00000000ec600000)
 ParOldGen       total 68608K, used 11728K [0x00000000c0000000, 0x00000000c4300000, 0x00000000eab00000)
  object space 68608K, 17% used [0x00000000c0000000,0x00000000c0b74398,0x00000000c4300000)
 Metaspace       used 35172K, committed 35840K, reserved 1114112K
  class space    used 3582K, committed 3840K, reserved 1048576K
}
Event: 9.025 GC heap after
{Heap after GC invocations=10 (full 1):
 PSYoungGen      total 27648K, used 4001K [0x00000000eab00000, 0x00000000ecb00000, 0x0000000100000000)
  eden space 21504K, 0% used [0x00000000eab00000,0x00000000eab00000,0x00000000ec000000)
  from space 6144K, 65% used [0x00000000ec000000,0x00000000ec3e85a8,0x00000000ec600000)
  to   space 4608K, 0% used [0x00000000ec680000,0x00000000ec680000,0x00000000ecb00000)
 ParOldGen       total 68608K, used 11920K [0x00000000c0000000, 0x00000000c4300000, 0x00000000eab00000)
  object space 68608K, 17% used [0x00000000c0000000,0x00000000c0ba4248,0x00000000c4300000)
 Metaspace       used 35172K, committed 35840K, reserved 1114112K
  class space    used 3582K, committed 3840K, reserved 1048576K
}
Event: 9.025 GC heap before
{Heap before GC invocations=11 (full 2):
 PSYoungGen      total 27648K, used 4001K [0x00000000eab00000, 0x00000000ecb00000, 0x0000000100000000)
  eden space 21504K, 0% used [0x00000000eab00000,0x00000000eab00000,0x00000000ec000000)
  from space 6144K, 65% used [0x00000000ec000000,0x00000000ec3e85a8,0x00000000ec600000)
  to   space 4608K, 0% used [0x00000000ec680000,0x00000000ec680000,0x00000000ecb00000)
 ParOldGen       total 68608K, used 11920K [0x00000000c0000000, 0x00000000c4300000, 0x00000000eab00000)
  object space 68608K, 17% used [0x00000000c0000000,0x00000000c0ba4248,0x00000000c4300000)
 Metaspace       used 35172K, committed 35840K, reserved 1114112K
  class space    used 3582K, committed 3840K, reserved 1048576K
}
Event: 9.111 GC heap after
{Heap after GC invocations=11 (full 2):
 PSYoungGen      total 27648K, used 0K [0x00000000eab00000, 0x00000000ecb00000, 0x0000000100000000)
  eden space 21504K, 0% used [0x00000000eab00000,0x00000000eab00000,0x00000000ec000000)
  from space 6144K, 0% used [0x00000000ec000000,0x00000000ec000000,0x00000000ec600000)
  to   space 4608K, 0% used [0x00000000ec680000,0x00000000ec680000,0x00000000ecb00000)
 ParOldGen       total 68608K, used 13761K [0x00000000c0000000, 0x00000000c4300000, 0x00000000eab00000)
  object space 68608K, 20% used [0x00000000c0000000,0x00000000c0d70678,0x00000000c4300000)
 Metaspace       used 35170K, committed 35840K, reserved 1114112K
  class space    used 3582K, committed 3840K, reserved 1048576K
}
Event: 9.682 GC heap before
{Heap before GC invocations=12 (full 2):
 PSYoungGen      total 27648K, used 21503K [0x00000000eab00000, 0x00000000ecb00000, 0x0000000100000000)
  eden space 21504K, 99% used [0x00000000eab00000,0x00000000ebffffe8,0x00000000ec000000)
  from space 6144K, 0% used [0x00000000ec000000,0x00000000ec000000,0x00000000ec600000)
  to   space 4608K, 0% used [0x00000000ec680000,0x00000000ec680000,0x00000000ecb00000)
 ParOldGen       total 68608K, used 13761K [0x00000000c0000000, 0x00000000c4300000, 0x00000000eab00000)
  object space 68608K, 20% used [0x00000000c0000000,0x00000000c0d70678,0x00000000c4300000)
 Metaspace       used 37009K, committed 37696K, reserved 1114112K
  class space    used 3836K, committed 4096K, reserved 1048576K
}
Event: 9.684 GC heap after
{Heap after GC invocations=12 (full 2):
 PSYoungGen      total 22528K, used 648K [0x00000000eab00000, 0x00000000ec780000, 0x0000000100000000)
  eden space 21504K, 0% used [0x00000000eab00000,0x00000000eab00000,0x00000000ec000000)
  from space 1024K, 63% used [0x00000000ec680000,0x00000000ec722138,0x00000000ec780000)
  to   space 2048K, 0% used [0x00000000ec380000,0x00000000ec380000,0x00000000ec580000)
 ParOldGen       total 68608K, used 13769K [0x00000000c0000000, 0x00000000c4300000, 0x00000000eab00000)
  object space 68608K, 20% used [0x00000000c0000000,0x00000000c0d72678,0x00000000c4300000)
 Metaspace       used 37009K, committed 37696K, reserved 1114112K
  class space    used 3836K, committed 4096K, reserved 1048576K
}
Event: 10.251 GC heap before
{Heap before GC invocations=13 (full 2):
 PSYoungGen      total 22528K, used 22152K [0x00000000eab00000, 0x00000000ec780000, 0x0000000100000000)
  eden space 21504K, 100% used [0x00000000eab00000,0x00000000ec000000,0x00000000ec000000)
  from space 1024K, 63% used [0x00000000ec680000,0x00000000ec722138,0x00000000ec780000)
  to   space 2048K, 0% used [0x00000000ec380000,0x00000000ec380000,0x00000000ec580000)
 ParOldGen       total 68608K, used 13769K [0x00000000c0000000, 0x00000000c4300000, 0x00000000eab00000)
  object space 68608K, 20% used [0x00000000c0000000,0x00000000c0d72678,0x00000000c4300000)
 Metaspace       used 38680K, committed 39424K, reserved 1114112K
  class space    used 3992K, committed 4352K, reserved 1048576K
}
Event: 10.259 GC heap after
{Heap after GC invocations=13 (full 2):
 PSYoungGen      total 23552K, used 990K [0x00000000eab00000, 0x00000000ec700000, 0x0000000100000000)
  eden space 21504K, 0% used [0x00000000eab00000,0x00000000eab00000,0x00000000ec000000)
  from space 2048K, 48% used [0x00000000ec380000,0x00000000ec4778b8,0x00000000ec580000)
  to   space 1536K, 0% used [0x00000000ec580000,0x00000000ec580000,0x00000000ec700000)
 ParOldGen       total 68608K, used 14185K [0x00000000c0000000, 0x00000000c4300000, 0x00000000eab00000)
  object space 68608K, 20% used [0x00000000c0000000,0x00000000c0dda528,0x00000000c4300000)
 Metaspace       used 38680K, committed 39424K, reserved 1114112K
  class space    used 3992K, committed 4352K, reserved 1048576K
}
Event: 10.459 GC heap before
{Heap before GC invocations=14 (full 2):
 PSYoungGen      total 23552K, used 22494K [0x00000000eab00000, 0x00000000ec700000, 0x0000000100000000)
  eden space 21504K, 100% used [0x00000000eab00000,0x00000000ec000000,0x00000000ec000000)
  from space 2048K, 48% used [0x00000000ec380000,0x00000000ec4778b8,0x00000000ec580000)
  to   space 1536K, 0% used [0x00000000ec580000,0x00000000ec580000,0x00000000ec700000)
 ParOldGen       total 68608K, used 14185K [0x00000000c0000000, 0x00000000c4300000, 0x00000000eab00000)
  object space 68608K, 20% used [0x00000000c0000000,0x00000000c0dda528,0x00000000c4300000)
 Metaspace       used 38701K, committed 39424K, reserved 1114112K
  class space    used 3992K, committed 4352K, reserved 1048576K
}
Event: 10.462 GC heap after
{Heap after GC invocations=14 (full 2):
 PSYoungGen      total 22528K, used 591K [0x00000000eab00000, 0x00000000ec680000, 0x0000000100000000)
  eden space 21504K, 0% used [0x00000000eab00000,0x00000000eab00000,0x00000000ec000000)
  from space 1024K, 57% used [0x00000000ec580000,0x00000000ec613dc0,0x00000000ec680000)
  to   space 1024K, 0% used [0x00000000ec480000,0x00000000ec480000,0x00000000ec580000)
 ParOldGen       total 68608K, used 14875K [0x00000000c0000000, 0x00000000c4300000, 0x00000000eab00000)
  object space 68608K, 21% used [0x00000000c0000000,0x00000000c0e86e28,0x00000000c4300000)
 Metaspace       used 38701K, committed 39424K, reserved 1114112K
  class space    used 3992K, committed 4352K, reserved 1048576K
}
Event: 11.456 GC heap before
{Heap before GC invocations=15 (full 2):
 PSYoungGen      total 22528K, used 22095K [0x00000000eab00000, 0x00000000ec680000, 0x0000000100000000)
  eden space 21504K, 100% used [0x00000000eab00000,0x00000000ec000000,0x00000000ec000000)
  from space 1024K, 57% used [0x00000000ec580000,0x00000000ec613dc0,0x00000000ec680000)
  to   space 1024K, 0% used [0x00000000ec480000,0x00000000ec480000,0x00000000ec580000)
 ParOldGen       total 68608K, used 14875K [0x00000000c0000000, 0x00000000c4300000, 0x00000000eab00000)
  object space 68608K, 21% used [0x00000000c0000000,0x00000000c0e86e28,0x00000000c4300000)
 Metaspace       used 41372K, committed 42176K, reserved 1114112K
  class space    used 4208K, committed 4544K, reserved 1048576K
}
Event: 11.460 GC heap after
{Heap after GC invocations=15 (full 2):
 PSYoungGen      total 22528K, used 1000K [0x00000000eab00000, 0x00000000ec600000, 0x0000000100000000)
  eden space 21504K, 0% used [0x00000000eab00000,0x00000000eab00000,0x00000000ec000000)
  from space 1024K, 97% used [0x00000000ec480000,0x00000000ec57a110,0x00000000ec580000)
  to   space 512K, 0% used [0x00000000ec580000,0x00000000ec580000,0x00000000ec600000)
 ParOldGen       total 68608K, used 14955K [0x00000000c0000000, 0x00000000c4300000, 0x00000000eab00000)
  object space 68608K, 21% used [0x00000000c0000000,0x00000000c0e9ae28,0x00000000c4300000)
 Metaspace       used 41372K, committed 42176K, reserved 1114112K
  class space    used 4208K, committed 4544K, reserved 1048576K
}
Event: 12.559 GC heap before
{Heap before GC invocations=16 (full 2):
 PSYoungGen      total 22528K, used 22504K [0x00000000eab00000, 0x00000000ec600000, 0x0000000100000000)
  eden space 21504K, 100% used [0x00000000eab00000,0x00000000ec000000,0x00000000ec000000)
  from space 1024K, 97% used [0x00000000ec480000,0x00000000ec57a110,0x00000000ec580000)
  to   space 512K, 0% used [0x00000000ec580000,0x00000000ec580000,0x00000000ec600000)
 ParOldGen       total 68608K, used 14955K [0x00000000c0000000, 0x00000000c4300000, 0x00000000eab00000)
  object space 68608K, 21% used [0x00000000c0000000,0x00000000c0e9ae28,0x00000000c4300000)
 Metaspace       used 43297K, committed 44032K, reserved 1114112K
  class space    used 4384K, committed 4672K, reserved 1048576K
}
Event: 12.582 GC heap after
{Heap after GC invocations=16 (full 2):
 PSYoungGen      total 22016K, used 512K [0x00000000eab00000, 0x00000000eca00000, 0x0000000100000000)
  eden space 21504K, 0% used [0x00000000eab00000,0x00000000eab00000,0x00000000ec000000)
  from space 512K, 100% used [0x00000000ec580000,0x00000000ec600000,0x00000000ec600000)
  to   space 5120K, 0% used [0x00000000ec000000,0x00000000ec000000,0x00000000ec500000)
 ParOldGen       total 68608K, used 18867K [0x00000000c0000000, 0x00000000c4300000, 0x00000000eab00000)
  object space 68608K, 27% used [0x00000000c0000000,0x00000000c126cc18,0x00000000c4300000)
 Metaspace       used 43297K, committed 44032K, reserved 1114112K
  class space    used 4384K, committed 4672K, reserved 1048576K
}

